<?xml version="1.0" encoding="UTF-8"?>
<testsuite xmlns:xsi="http://www.w3.org/2001/XMLSchema-instance" xsi:noNamespaceSchemaLocation="https://maven.apache.org/surefire/maven-surefire-plugin/xsd/surefire-test-report-3.0.xsd" version="3.0" name="com.salvador.dollarcalculator.DollarCalculatorApplicationTests" time="4.004" tests="1" errors="0" skipped="0" failures="0">
  <properties>
[...]
</properties>
  <testcase name="contextLoads" classname="com.salvador.dollarcalculator.DollarCalculatorApplicationTests" time="0.991">
    <system-out><![CDATA[11:36:36.998 [main] INFO org.springframework.test.context.support.AnnotationConfigContextLoaderUtils -- Could not detect default configuration classes for test class [com.salvador.dollarcalculator.DollarCalculatorApplicationTests]: DollarCalculatorApplicationTests does not declare any static, non-private, non-final, nested classes annotated with @Configuration.
11:36:37.217 [main] INFO org.springframework.boot.test.context.SpringBootTestContextBootstrapper -- Found @SpringBootConfiguration com.salvador.dollarcalculator.DollarCalculatorApplication for test class com.salvador.dollarcalculator.DollarCalculatorApplicationTests

  .   ____          _            __ _ _
 /\\ / ___'_ __ _ _(_)_ __  __ _ \ \ \ \
( ( )\___ | '_ | '_| | '_ \/ _` | \ \ \ \
 \\/  ___)| |_)| | | | | || (_| |  ) ) ) )
  '  |____| .__|_| |_|_| |_\__, | / / / /
 =========|_|==============|___/=/_/_/_/

 :: Spring Boot ::                (v3.3.2)

2024-08-10T11:36:37.864-04:00  INFO 3174 --- [Dollar Calculator] [           main] c.s.d.DollarCalculatorApplicationTests   : Starting DollarCalculatorApplicationTests using Java 21.0.1 with PID 3174 (started by salvador in /Users/salvador/NetBeansProjects/DollarCalculatorSpring)
2024-08-10T11:36:37.866-04:00  INFO 3174 --- [Dollar Calculator] [           main] c.s.d.DollarCalculatorApplicationTests   : No active profile set, falling back to 1 default profile: "default"
2024-08-10T11:36:39.226-04:00  INFO 3174 --- [Dollar Calculator] [           main] o.s.b.a.w.s.WelcomePageHandlerMapping    : Adding welcome page template: index
2024-08-10T11:36:39.718-04:00  INFO 3174 --- [Dollar Calculator] [           main] c.s.d.DollarCalculatorApplicationTests   : Started DollarCalculatorApplicationTests in 2.242 seconds (process running for 3.882)
]]></system-out>
    <system-err><![CDATA[WARNING: A Java agent has been loaded dynamically (/Users/salvador/.m2/repository/net/bytebuddy/byte-buddy-agent/1.14.18/byte-buddy-agent-1.14.18.jar)
WARNING: If a serviceability tool is in use, please run with -XX:+EnableDynamicAgentLoading to hide this warning
WARNING: If a serviceability tool is not in use, please run with -Djdk.instrument.traceUsage for more information
WARNING: Dynamic loading of agents will be disallowed by default in a future release
]]></system-err>
  </testcase>
</testsuite>